<?xml version="1.0" encoding="UTF-8"?>
<!-- Generated by org.testng.reporters.JUnitReportReporter -->
<testsuite hostname="DESKTOP-OU8PKGM" failures="0" tests="1" name="databasetest.test.StoreFunctionTesting" time="0.064" errors="0" timestamp="2024-07-18T01:12:13 CEST" skipped="0">
  <testcase classname="databasetest.test.StoreFunctionTesting" name="test_CustomerLevel_with_StoredProcedure" time="0.064"/>
</testsuite> <!-- databasetest.test.StoreFunctionTesting -->
