<?xml version="1.0" encoding="UTF-8"?>
<!-- Generated by org.testng.reporters.JUnitReportReporter -->
<testsuite hostname="DESKTOP-OU8PKGM" failures="0" tests="6" name="databasetest.test.StoredProcedureValidation" time="0.107" errors="0" timestamp="2024-07-18T00:20:30 CEST" skipped="0">
  <testcase classname="databasetest.test.StoredProcedureValidation" name="test_storedProcedureExists" time="0.041"/>
  <testcase classname="databasetest.test.StoredProcedureValidation" name="test_SelectAllCustomers" time="0.036"/>
  <testcase classname="databasetest.test.StoredProcedureValidation" name="test_SelectAllCustomersByCity" time="0.009"/>
  <testcase classname="databasetest.test.StoredProcedureValidation" name="test_SelectAllCustomersByCityAndPin" time="0.007"/>
  <testcase classname="databasetest.test.StoredProcedureValidation" name="get_order_by_cust" time="0.008"/>
  <testcase classname="databasetest.test.StoredProcedureValidation" name="getCustomerShipping" time="0.006"/>
</testsuite> <!-- databasetest.test.StoredProcedureValidation -->
