<?xml version="1.0" encoding="UTF-8"?>
<!-- Generated by org.testng.reporters.JUnitReportReporter -->
<testsuite hostname="DESKTOP-OU8PKGM" failures="0" tests="1" name="databasetest.test.DatabaseTesting" time="0.040" errors="0" timestamp="2024-07-15T10:39:58 CEST" skipped="0">
  <testcase classname="databasetest.test.DatabaseTesting" name="mySqlDBConnection" time="0.040"/>
</testsuite> <!-- databasetest.test.DatabaseTesting -->
